<?xml version="1.0" encoding="UTF-8"?>
<testsuite xmlns:xsi="http://www.w3.org/2001/XMLSchema-instance" xsi:noNamespaceSchemaLocation="https://maven.apache.org/surefire/maven-surefire-plugin/xsd/surefire-test-report.xsd" name="JUnit_Tests.Testfall1" time="0.122" tests="23" errors="0" skipped="0" failures="0">
  <properties>
[...]
</properties>
  <testcase name="GrenzwertAequiTest10" classname="JUnit_Tests.Testfall1" time="0.01"/>
  <testcase name="GrenzwertTest1" classname="JUnit_Tests.Testfall1" time="0"/>
  <testcase name="GrenzwertTest2" classname="JUnit_Tests.Testfall1" time="0.001"/>
  <testcase name="GrenzwertTest3" classname="JUnit_Tests.Testfall1" time="0.001"/>
  <testcase name="GrenzwertTest4" classname="JUnit_Tests.Testfall1" time="0.001"/>
  <testcase name="GrenzwertTest5" classname="JUnit_Tests.Testfall1" time="0.002"/>
  <testcase name="GrenzwertTest6" classname="JUnit_Tests.Testfall1" time="0.001"/>
  <testcase name="GrenzwertAequiTestFalschesFormat" classname="JUnit_Tests.Testfall1" time="0"/>
  <testcase name="GrenzwertAequiTestKeineEIngabe" classname="JUnit_Tests.Testfall1" time="0"/>
  <testcase name="GrenzwertAequiTestNegativeZahl" classname="JUnit_Tests.Testfall1" time="0.002"/>
  <testcase name="GrenzwertAequiTest1" classname="JUnit_Tests.Testfall1" time="0"/>
  <testcase name="GrenzwertAequiTest2" classname="JUnit_Tests.Testfall1" time="0.001"/>
  <testcase name="GrenzwertAequiTest3" classname="JUnit_Tests.Testfall1" time="0"/>
  <testcase name="GrenzwertAequiTest4" classname="JUnit_Tests.Testfall1" time="0.001"/>
  <testcase name="GrenzwertAequiTest5" classname="JUnit_Tests.Testfall1" time="0.005"/>
  <testcase name="GrenzwertAequiTest6" classname="JUnit_Tests.Testfall1" time="0"/>
  <testcase name="GrenzwertAequiTest7" classname="JUnit_Tests.Testfall1" time="0"/>
  <testcase name="GrenzwertAequiTest8" classname="JUnit_Tests.Testfall1" time="0.002"/>
  <testcase name="GrenzwertAequiTest9" classname="JUnit_Tests.Testfall1" time="0.001"/>
  <testcase name="AeqiuvalenzklassenTest1" classname="JUnit_Tests.Testfall1" time="0"/>
  <testcase name="AeqiuvalenzklassenTest2" classname="JUnit_Tests.Testfall1" time="0.001"/>
  <testcase name="AeqiuvalenzklassenTest3" classname="JUnit_Tests.Testfall1" time="0"/>
  <testcase name="AeqiuvalenzklassenTest4" classname="JUnit_Tests.Testfall1" time="0.002"/>
</testsuite>